Arguments: 
  /usr/local/Cellar/node@14/14.17.3/bin/node /usr/local/Cellar/yarn/1.22.10/libexec/bin/yarn.js

PATH: 
  /usr/local/bin:/usr/bin:/bin:/usr/sbin:/sbin:/Users/afedchuk/Projects/lambda-rds-restore-to-staging/node_modules/.bin

Yarn version: 
  1.22.10

Node version: 
  14.17.3

Platform: 
  darwin x64

Trace: 
  SyntaxError: /Users/afedchuk/Projects/lambda-rds-restore-to-staging/package.json: Unexpected token } in JSON at position 462
      at JSON.parse (<anonymous>)
      at /usr/local/Cellar/yarn/1.22.10/libexec/lib/cli.js:1625:59
      at Generator.next (<anonymous>)
      at step (/usr/local/Cellar/yarn/1.22.10/libexec/lib/cli.js:310:30)
      at /usr/local/Cellar/yarn/1.22.10/libexec/lib/cli.js:321:13

npm manifest: 
  {
    "name": "rds-restore-to-staging",
    "private": true,
    "version": "1.0.0",
    "description": "Helps to restore production rds to staging.",
    "license": "MIT",
    "devDependencies": {
      "aws-sdk": "^2.909.0",
      "serverless": "^2.51.2",
      "serverless-webpack": "^5.5.1",
      "serverless-offline": "^6.9.0",
      "webpack": "^5.44.0",
      "webpack-node-externals": "^3.0.0"
    },
    "dependencies": {
      "aws-lambda": "^1.0.6",
      "typescript": "^4.2.4",
    }
  }

yarn manifest: 
  No manifest

Lockfile: 
  No lockfile
